<?xml version="1.0" encoding="UTF-8"?>
<testsuite name="CoinCombinationsTest" tests="4" skipped="0" failures="0" errors="0" timestamp="2016-01-07T23:03:42" hostname="epicodus-38.local" time="0.0">
  <properties/>
  <testcase name="coinCombinations_Enter25_Return1Quarter" classname="CoinCombinationsTest" time="0.0"/>
  <testcase name="coinCombinations_Enter44_Return1Quarter_1Dime_1Nickel_1Penny" classname="CoinCombinationsTest" time="0.0"/>
  <testcase name="coinCombinations_Enter35_Return1Quarter_1Dime" classname="CoinCombinationsTest" time="0.0"/>
  <testcase name="coinCombinations_Enter40_Return1Quarter_1Dime_1Nickel" classname="CoinCombinationsTest" time="0.0"/>
  <system-out><![CDATA[]]></system-out>
  <system-err><![CDATA[]]></system-err>
</testsuite>
